c:\users\camberley\documents\github\hutchinsonmaze\project1\project1\debug\vc141.pdb
c:\users\camberley\documents\github\hutchinsonmaze\project1\project1\debug\vc141.idb
c:\users\camberley\documents\github\hutchinsonmaze\project1\project1\debug\entity.obj
c:\users\camberley\documents\github\hutchinsonmaze\project1\project1\debug\entitymanager.obj
c:\users\camberley\documents\github\hutchinsonmaze\project1\project1\debug\main.obj
c:\users\camberley\documents\github\hutchinsonmaze\project1\project1\debug\sdlapp.obj
c:\users\camberley\documents\github\hutchinsonmaze\project1\project1\debug\texturemanager.obj
c:\users\camberley\documents\github\hutchinsonmaze\project1\project1\debug\player.obj
c:\users\camberley\documents\github\hutchinsonmaze\project1\project1\debug\spritecomponent.obj
c:\users\camberley\documents\github\hutchinsonmaze\project1\debug\hutchisonmaze.lib
c:\users\camberley\documents\github\hutchinsonmaze\project1\debug\hutchisonmaze.exp
c:\users\camberley\documents\github\hutchinsonmaze\project1\debug\hutchisonmaze.ilk
c:\users\camberley\documents\github\hutchinsonmaze\project1\debug\hutchisonmaze.exe
c:\users\camberley\documents\github\hutchinsonmaze\project1\debug\hutchisonmaze.pdb
c:\users\camberley\documents\github\hutchinsonmaze\project1\project1\debug\textureutils.obj
c:\users\camberley\documents\github\hutchinsonmaze\project1\project1\debug\hutchisonmaze.tlog\cl.command.1.tlog
c:\users\camberley\documents\github\hutchinsonmaze\project1\project1\debug\hutchisonmaze.tlog\cl.read.1.tlog
c:\users\camberley\documents\github\hutchinsonmaze\project1\project1\debug\hutchisonmaze.tlog\cl.write.1.tlog
c:\users\camberley\documents\github\hutchinsonmaze\project1\project1\debug\hutchisonmaze.tlog\hutchisonmaze.write.1u.tlog
c:\users\camberley\documents\github\hutchinsonmaze\project1\project1\debug\hutchisonmaze.tlog\link.command.1.tlog
c:\users\camberley\documents\github\hutchinsonmaze\project1\project1\debug\hutchisonmaze.tlog\link.read.1.tlog
c:\users\camberley\documents\github\hutchinsonmaze\project1\project1\debug\hutchisonmaze.tlog\link.write.1.tlog
