c:\users\camberley\documents\visual studio 2017\projects\project1\project1\debug\vc141.pdb
c:\users\camberley\documents\visual studio 2017\projects\project1\project1\debug\vc141.idb
c:\users\camberley\documents\visual studio 2017\projects\project1\project1\debug\entity.obj
c:\users\camberley\documents\visual studio 2017\projects\project1\project1\debug\entitymanager.obj
c:\users\camberley\documents\visual studio 2017\projects\project1\project1\debug\main.obj
c:\users\camberley\documents\visual studio 2017\projects\project1\project1\debug\player.obj
c:\users\camberley\documents\visual studio 2017\projects\project1\project1\debug\sdlapp.obj
c:\users\camberley\documents\visual studio 2017\projects\project1\project1\debug\spritecomponent.obj
c:\users\camberley\documents\visual studio 2017\projects\project1\project1\debug\textureutils.obj
c:\users\camberley\documents\visual studio 2017\projects\project1\debug\project1.ilk
c:\users\camberley\documents\visual studio 2017\projects\project1\debug\project1.exe
c:\users\camberley\documents\visual studio 2017\projects\project1\debug\project1.pdb
c:\users\camberley\documents\visual studio 2017\projects\project1\debug\project1.lib
c:\users\camberley\documents\visual studio 2017\projects\project1\debug\project1.exp
c:\users\camberley\documents\visual studio 2017\projects\project1\project1\debug\project1.tlog\cl.command.1.tlog
c:\users\camberley\documents\visual studio 2017\projects\project1\project1\debug\project1.tlog\cl.read.1.tlog
c:\users\camberley\documents\visual studio 2017\projects\project1\project1\debug\project1.tlog\cl.write.1.tlog
c:\users\camberley\documents\visual studio 2017\projects\project1\project1\debug\project1.tlog\link.command.1.tlog
c:\users\camberley\documents\visual studio 2017\projects\project1\project1\debug\project1.tlog\link.read.1.tlog
c:\users\camberley\documents\visual studio 2017\projects\project1\project1\debug\project1.tlog\link.write.1.tlog
c:\users\camberley\documents\visual studio 2017\projects\project1\project1\debug\project1.tlog\project1.write.1u.tlog
